<?xml version="1.0" encoding="UTF-8"?>
<testng-results ignored="0" total="1" passed="1" failed="0" skipped="0">
  <reporter-output>
  </reporter-output>
  <suite started-at="2024-03-26T14:06:31 IST" name="Default suite" finished-at="2024-03-26T14:06:33 IST" duration-ms="2023">
    <groups>
    </groups>
    <test started-at="2024-03-26T14:06:31 IST" name="Default test" finished-at="2024-03-26T14:06:33 IST" duration-ms="2023">
      <class name="sectionOne.firstGetRequest">
        <test-method signature="testcase01()[pri:0, instance:sectionOne.firstGetRequest@741a8937]" started-at="2024-03-26T14:06:31 IST" name="testcase01" finished-at="2024-03-26T14:06:33 IST" duration-ms="1949" status="PASS">
          <reporter-output>
          </reporter-output>
        </test-method> <!-- testcase01 -->
      </class> <!-- sectionOne.firstGetRequest -->
    </test> <!-- Default test -->
  </suite> <!-- Default suite -->
</testng-results>
