<?xml version="1.0" encoding="UTF-8"?>
<testng-results ignored="0" total="1" passed="1" failed="0" skipped="0">
  <reporter-output>
  </reporter-output>
  <suite started-at="2024-04-11T15:29:27 IST" name="Default suite" finished-at="2024-04-11T15:29:27 IST" duration-ms="586">
    <groups>
    </groups>
    <test started-at="2024-04-11T15:29:27 IST" name="Default test" finished-at="2024-04-11T15:29:27 IST" duration-ms="586">
      <class name="sectionSeven.DemoJsonInclude">
        <test-method signature="testMethod1()[pri:0, instance:sectionSeven.DemoJsonInclude@290222c1]" started-at="2024-04-11T15:29:27 IST" name="testMethod1" finished-at="2024-04-11T15:29:27 IST" duration-ms="486" status="PASS">
          <reporter-output>
          </reporter-output>
        </test-method> <!-- testMethod1 -->
      </class> <!-- sectionSeven.DemoJsonInclude -->
    </test> <!-- Default test -->
  </suite> <!-- Default suite -->
</testng-results>
